<?xml version="1.0" encoding="UTF-8"?>
<testsuite name="com.economydict.service.PdfImportJobServiceJsonImportTest" tests="1" skipped="0" failures="0" errors="0" timestamp="2026-03-20T16:56:19" hostname="a94fd2f64810" time="0.964">
  <properties/>
  <testcase name="importsJsonDictionaryEntriesAndSkipsDuplicates()" classname="com.economydict.service.PdfImportJobServiceJsonImportTest" time="0.964"/>
  <system-out><![CDATA[Standard Commons Logging discovery in action with spring-jcl: please remove commons-logging.jar from classpath in order to avoid potential conflicts
16:56:13.092 [Test worker] INFO org.springframework.test.context.support.AnnotationConfigContextLoaderUtils -- Could not detect default configuration classes for test class [com.economydict.service.PdfImportJobServiceJsonImportTest]: PdfImportJobServiceJsonImportTest does not declare any static, non-private, non-final, nested classes annotated with @Configuration.
16:56:13.228 [Test worker] INFO org.springframework.boot.test.context.SpringBootTestContextBootstrapper -- Found @SpringBootConfiguration com.economydict.EconomyDictApplication for test class com.economydict.service.PdfImportJobServiceJsonImportTest

  .   ____          _            __ _ _
 /\\ / ___'_ __ _ _(_)_ __  __ _ \ \ \ \
( ( )\___ | '_ | '_| | '_ \/ _` | \ \ \ \
 \\/  ___)| |_)| | | | | || (_| |  ) ) ) )
  '  |____| .__|_| |_|_| |_\__, | / / / /
 =========|_|==============|___/=/_/_/_/
 :: Spring Boot ::                (v3.2.5)

2026-03-20 16:56:13.702 INFO  [background-preinit] org.hibernate.validator.internal.util.Version - HV000001: Hibernate Validator 8.0.1.Final
2026-03-20 16:56:13.739 INFO  [Test worker] com.economydict.service.PdfImportJobServiceJsonImportTest - Starting PdfImportJobServiceJsonImportTest using Java 17.0.10 with PID 249 (started by root in /work/backend)
2026-03-20 16:56:13.739 INFO  [Test worker] com.economydict.service.PdfImportJobServiceJsonImportTest - No active profile set, falling back to 1 default profile: "default"
2026-03-20 16:56:14.447 INFO  [Test worker] org.springframework.batch.core.configuration.annotation.BatchRegistrar - Finished Spring Batch infrastructure beans configuration in 4 ms.
2026-03-20 16:56:14.696 INFO  [Test worker] org.springframework.data.repository.config.RepositoryConfigurationDelegate - Bootstrapping Spring Data JPA repositories in DEFAULT mode.
2026-03-20 16:56:14.933 INFO  [Test worker] org.springframework.data.repository.config.RepositoryConfigurationDelegate - Finished Spring Data repository scanning in 228 ms. Found 14 JPA repository interfaces.
2026-03-20 16:56:15.351 WARN  [Test worker] org.springframework.context.support.PostProcessorRegistrationDelegate$BeanPostProcessorChecker - Bean 'jobRegistry' of type [org.springframework.batch.core.configuration.support.MapJobRegistry] is not eligible for getting processed by all BeanPostProcessors (for example: not eligible for auto-proxying). Is this bean getting eagerly injected into a currently created BeanPostProcessor [jobRegistryBeanPostProcessor]? Check the corresponding BeanPostProcessor declaration and its dependencies.
2026-03-20 16:56:15.543 INFO  [Test worker] org.hibernate.jpa.internal.util.LogHelper - HHH000204: Processing PersistenceUnitInfo [name: default]
2026-03-20 16:56:15.620 INFO  [Test worker] org.hibernate.Version - HHH000412: Hibernate ORM core version 6.4.4.Final
2026-03-20 16:56:15.671 INFO  [Test worker] org.hibernate.cache.internal.RegionFactoryInitiator - HHH000026: Second-level cache disabled
2026-03-20 16:56:15.948 INFO  [Test worker] org.springframework.orm.jpa.persistenceunit.SpringPersistenceUnitInfo - No LoadTimeWeaver setup: ignoring JPA class transformer
2026-03-20 16:56:15.978 INFO  [Test worker] com.zaxxer.hikari.HikariDataSource - HikariPool-1 - Starting...
2026-03-20 16:56:16.167 INFO  [Test worker] com.zaxxer.hikari.pool.HikariPool - HikariPool-1 - Added connection conn0: url=jdbc:h2:mem:json-import-test user=SA
2026-03-20 16:56:16.168 INFO  [Test worker] com.zaxxer.hikari.HikariDataSource - HikariPool-1 - Start completed.
2026-03-20 16:56:17.434 INFO  [Test worker] org.hibernate.engine.transaction.jta.platform.internal.JtaPlatformInitiator - HHH000489: No JTA platform available (set 'hibernate.transaction.jta.platform' to enable JTA platform integration)
2026-03-20 16:56:17.556 INFO  [Test worker] org.springframework.orm.jpa.LocalContainerEntityManagerFactoryBean - Initialized JPA EntityManagerFactory for persistence unit 'default'
2026-03-20 16:56:18.091 INFO  [Test worker] org.springframework.batch.core.repository.support.JobRepositoryFactoryBean - No database type set, using meta data indicating: H2
2026-03-20 16:56:18.105 INFO  [Test worker] org.springframework.batch.core.launch.support.SimpleJobLauncher - No TaskExecutor has been set, defaulting to synchronous executor.
2026-03-20 16:56:18.375 INFO  [Test worker] org.springframework.batch.core.configuration.annotation.BatchObservabilityBeanPostProcessor - No Micrometer observation registry found, defaulting to ObservationRegistry.NOOP
2026-03-20 16:56:18.383 INFO  [Test worker] org.springframework.batch.core.configuration.annotation.BatchObservabilityBeanPostProcessor - No Micrometer observation registry found, defaulting to ObservationRegistry.NOOP
2026-03-20 16:56:18.464 INFO  [Test worker] org.springframework.data.jpa.repository.query.QueryEnhancerFactory - Hibernate is in classpath; If applicable, HQL parser will be used.
2026-03-20 16:56:19.128 WARN  [Test worker] org.springframework.boot.autoconfigure.orm.jpa.JpaBaseConfiguration$JpaWebConfiguration - spring.jpa.open-in-view is enabled by default. Therefore, database queries may be performed during view rendering. Explicitly configure spring.jpa.open-in-view to disable this warning
2026-03-20 16:56:19.502 INFO  [Test worker] org.springframework.security.web.DefaultSecurityFilterChain - Will secure any request with [org.springframework.security.web.session.DisableEncodeUrlFilter@5d40034e, org.springframework.security.web.context.request.async.WebAsyncManagerIntegrationFilter@761b4581, org.springframework.security.web.context.SecurityContextHolderFilter@96b00fb, org.springframework.security.web.header.HeaderWriterFilter@6d41b46a, org.springframework.web.filter.CorsFilter@51e0629a, org.springframework.security.web.authentication.logout.LogoutFilter@7f09b3aa, com.economydict.config.JwtAuthenticationFilter@e0faed6, org.springframework.security.web.savedrequest.RequestCacheAwareFilter@10f535a6, org.springframework.security.web.servletapi.SecurityContextHolderAwareRequestFilter@5191288e, org.springframework.security.web.authentication.AnonymousAuthenticationFilter@2fc2305a, org.springframework.security.web.session.SessionManagementFilter@6e767943, org.springframework.security.web.access.ExceptionTranslationFilter@1a26f595, org.springframework.security.web.access.intercept.AuthorizationFilter@7c1aed5a]
2026-03-20 16:56:19.880 INFO  [Test worker] com.economydict.service.PdfImportJobServiceJsonImportTest - Started PdfImportJobServiceJsonImportTest in 6.481 seconds (process running for 7.483)
2026-03-20 16:56:19.929 INFO  [Test worker] com.economydict.batch.BatchSchemaInitializer - Spring Batch metadata tables are missing. Initializing H2 batch schema.
2026-03-20 16:56:20.617 INFO  [Test worker] org.springframework.batch.core.launch.support.SimpleJobLauncher - Job: [SimpleJob: [name=pdfImportJob]] launched with the following parameters: [{'taskId':'{value=1dae53b4-790c-4fa6-b70d-0854674df6da, type=class java.lang.String, identifying=true}','filePath':'{value=/tmp/import-1dae53b4-790c-4fa6-b70d-0854674df6da-16670037078454166074.json, type=class java.lang.String, identifying=true}','timestamp':'{value=1774025780601, type=class java.lang.Long, identifying=true}'}]
2026-03-20 16:56:20.636 INFO  [Test worker] org.springframework.batch.core.job.SimpleStepHandler - Executing step: [pdfImportStep]
2026-03-20 16:56:20.774 INFO  [Test worker] org.springframework.batch.core.step.AbstractStep - Step: [pdfImportStep] executed in 137ms
2026-03-20 16:56:20.780 INFO  [Test worker] org.springframework.batch.core.launch.support.SimpleJobLauncher - Job: [SimpleJob: [name=pdfImportJob]] completed with the following parameters: [{'taskId':'{value=1dae53b4-790c-4fa6-b70d-0854674df6da, type=class java.lang.String, identifying=true}','filePath':'{value=/tmp/import-1dae53b4-790c-4fa6-b70d-0854674df6da-16670037078454166074.json, type=class java.lang.String, identifying=true}','timestamp':'{value=1774025780601, type=class java.lang.Long, identifying=true}'}] and the following status: [COMPLETED] in 147ms
2026-03-20 16:56:20.872 INFO  [Test worker] org.springframework.batch.core.launch.support.SimpleJobLauncher - Job: [SimpleJob: [name=pdfImportJob]] launched with the following parameters: [{'taskId':'{value=ed75c46a-8a15-4158-a8ea-0616b92ee0e6, type=class java.lang.String, identifying=true}','filePath':'{value=/tmp/import-ed75c46a-8a15-4158-a8ea-0616b92ee0e6-17183529971934019074.json, type=class java.lang.String, identifying=true}','timestamp':'{value=1774025780869, type=class java.lang.Long, identifying=true}'}]
2026-03-20 16:56:20.878 INFO  [Test worker] org.springframework.batch.core.job.SimpleStepHandler - Executing step: [pdfImportStep]
2026-03-20 16:56:20.887 INFO  [Test worker] org.springframework.batch.core.step.AbstractStep - Step: [pdfImportStep] executed in 9ms
2026-03-20 16:56:20.892 INFO  [Test worker] org.springframework.batch.core.launch.support.SimpleJobLauncher - Job: [SimpleJob: [name=pdfImportJob]] completed with the following parameters: [{'taskId':'{value=ed75c46a-8a15-4158-a8ea-0616b92ee0e6, type=class java.lang.String, identifying=true}','filePath':'{value=/tmp/import-ed75c46a-8a15-4158-a8ea-0616b92ee0e6-17183529971934019074.json, type=class java.lang.String, identifying=true}','timestamp':'{value=1774025780869, type=class java.lang.Long, identifying=true}'}] and the following status: [COMPLETED] in 16ms
]]></system-out>
  <system-err><![CDATA[]]></system-err>
</testsuite>
