<?xml version="1.0" encoding="UTF-8"?>
<testsuite name="com.economydict.service.PdfImportJobServiceJsonImportTest" tests="1" skipped="0" failures="0" errors="0" timestamp="2026-03-21T03:14:36" hostname="1d540d247d31" time="0.512">
  <properties/>
  <testcase name="importsJsonDictionaryEntriesAndSkipsDuplicates()" classname="com.economydict.service.PdfImportJobServiceJsonImportTest" time="0.512"/>
  <system-out><![CDATA[Standard Commons Logging discovery in action with spring-jcl: please remove commons-logging.jar from classpath in order to avoid potential conflicts
03:14:28.006 [Test worker] INFO org.springframework.test.context.support.AnnotationConfigContextLoaderUtils -- Could not detect default configuration classes for test class [com.economydict.service.PdfImportJobServiceJsonImportTest]: PdfImportJobServiceJsonImportTest does not declare any static, non-private, non-final, nested classes annotated with @Configuration.
03:14:28.169 [Test worker] INFO org.springframework.boot.test.context.SpringBootTestContextBootstrapper -- Found @SpringBootConfiguration com.economydict.EconomyDictApplication for test class com.economydict.service.PdfImportJobServiceJsonImportTest

  .   ____          _            __ _ _
 /\\ / ___'_ __ _ _(_)_ __  __ _ \ \ \ \
( ( )\___ | '_ | '_| | '_ \/ _` | \ \ \ \
 \\/  ___)| |_)| | | | | || (_| |  ) ) ) )
  '  |____| .__|_| |_|_| |_\__, | / / / /
 =========|_|==============|___/=/_/_/_/
 :: Spring Boot ::                (v3.2.5)

2026-03-21 03:14:29.113 INFO  [background-preinit] org.hibernate.validator.internal.util.Version - HV000001: Hibernate Validator 8.0.1.Final
2026-03-21 03:14:29.178 INFO  [Test worker] com.economydict.service.PdfImportJobServiceJsonImportTest - Starting PdfImportJobServiceJsonImportTest using Java 17.0.10 with PID 240 (started by root in /work/backend)
2026-03-21 03:14:29.179 INFO  [Test worker] com.economydict.service.PdfImportJobServiceJsonImportTest - No active profile set, falling back to 1 default profile: "default"
2026-03-21 03:14:30.264 INFO  [Test worker] org.springframework.batch.core.configuration.annotation.BatchRegistrar - Finished Spring Batch infrastructure beans configuration in 6 ms.
2026-03-21 03:14:30.526 INFO  [Test worker] org.springframework.data.repository.config.RepositoryConfigurationDelegate - Bootstrapping Spring Data JPA repositories in DEFAULT mode.
2026-03-21 03:14:30.729 INFO  [Test worker] org.springframework.data.repository.config.RepositoryConfigurationDelegate - Finished Spring Data repository scanning in 196 ms. Found 14 JPA repository interfaces.
2026-03-21 03:14:32.035 WARN  [Test worker] org.springframework.context.support.PostProcessorRegistrationDelegate$BeanPostProcessorChecker - Bean 'jobRegistry' of type [org.springframework.batch.core.configuration.support.MapJobRegistry] is not eligible for getting processed by all BeanPostProcessors (for example: not eligible for auto-proxying). Is this bean getting eagerly injected into a currently created BeanPostProcessor [jobRegistryBeanPostProcessor]? Check the corresponding BeanPostProcessor declaration and its dependencies.
2026-03-21 03:14:32.233 INFO  [Test worker] org.hibernate.jpa.internal.util.LogHelper - HHH000204: Processing PersistenceUnitInfo [name: default]
2026-03-21 03:14:32.305 INFO  [Test worker] org.hibernate.Version - HHH000412: Hibernate ORM core version 6.4.4.Final
2026-03-21 03:14:32.384 INFO  [Test worker] org.hibernate.cache.internal.RegionFactoryInitiator - HHH000026: Second-level cache disabled
2026-03-21 03:14:32.644 INFO  [Test worker] org.springframework.orm.jpa.persistenceunit.SpringPersistenceUnitInfo - No LoadTimeWeaver setup: ignoring JPA class transformer
2026-03-21 03:14:32.671 INFO  [Test worker] com.zaxxer.hikari.HikariDataSource - HikariPool-1 - Starting...
2026-03-21 03:14:32.870 INFO  [Test worker] com.zaxxer.hikari.pool.HikariPool - HikariPool-1 - Added connection conn0: url=jdbc:h2:mem:json-import-test user=SA
2026-03-21 03:14:32.872 INFO  [Test worker] com.zaxxer.hikari.HikariDataSource - HikariPool-1 - Start completed.
2026-03-21 03:14:33.984 INFO  [Test worker] org.hibernate.engine.transaction.jta.platform.internal.JtaPlatformInitiator - HHH000489: No JTA platform available (set 'hibernate.transaction.jta.platform' to enable JTA platform integration)
2026-03-21 03:14:34.059 INFO  [Test worker] org.springframework.orm.jpa.LocalContainerEntityManagerFactoryBean - Initialized JPA EntityManagerFactory for persistence unit 'default'
2026-03-21 03:14:34.588 INFO  [Test worker] org.springframework.batch.core.repository.support.JobRepositoryFactoryBean - No database type set, using meta data indicating: H2
2026-03-21 03:14:34.612 INFO  [Test worker] org.springframework.batch.core.launch.support.SimpleJobLauncher - No TaskExecutor has been set, defaulting to synchronous executor.
2026-03-21 03:14:34.668 INFO  [Test worker] org.springframework.batch.core.configuration.annotation.BatchObservabilityBeanPostProcessor - No Micrometer observation registry found, defaulting to ObservationRegistry.NOOP
2026-03-21 03:14:34.676 INFO  [Test worker] org.springframework.batch.core.configuration.annotation.BatchObservabilityBeanPostProcessor - No Micrometer observation registry found, defaulting to ObservationRegistry.NOOP
2026-03-21 03:14:34.766 INFO  [Test worker] org.springframework.data.jpa.repository.query.QueryEnhancerFactory - Hibernate is in classpath; If applicable, HQL parser will be used.
2026-03-21 03:14:35.427 WARN  [Test worker] org.springframework.boot.autoconfigure.orm.jpa.JpaBaseConfiguration$JpaWebConfiguration - spring.jpa.open-in-view is enabled by default. Therefore, database queries may be performed during view rendering. Explicitly configure spring.jpa.open-in-view to disable this warning
2026-03-21 03:14:35.679 INFO  [Test worker] org.springframework.security.web.DefaultSecurityFilterChain - Will secure any request with [org.springframework.security.web.session.DisableEncodeUrlFilter@52f1d01b, org.springframework.security.web.context.request.async.WebAsyncManagerIntegrationFilter@10371dd1, org.springframework.security.web.context.SecurityContextHolderFilter@271f6597, org.springframework.security.web.header.HeaderWriterFilter@608c36a6, org.springframework.web.filter.CorsFilter@40053c7a, org.springframework.security.web.authentication.logout.LogoutFilter@50ee7857, com.economydict.config.JwtAuthenticationFilter@4540aade, org.springframework.security.web.savedrequest.RequestCacheAwareFilter@45e38356, org.springframework.security.web.servletapi.SecurityContextHolderAwareRequestFilter@7882a4d8, org.springframework.security.web.authentication.AnonymousAuthenticationFilter@1f022bcf, org.springframework.security.web.session.SessionManagementFilter@2fb800ca, org.springframework.security.web.access.ExceptionTranslationFilter@315edc50, org.springframework.security.web.access.intercept.AuthorizationFilter@396d21ec]
2026-03-21 03:14:36.011 INFO  [Test worker] com.economydict.service.PdfImportJobServiceJsonImportTest - Started PdfImportJobServiceJsonImportTest in 7.672 seconds (process running for 9.043)
2026-03-21 03:14:36.038 INFO  [Test worker] com.economydict.batch.BatchSchemaInitializer - Spring Batch metadata tables are missing. Initializing H2 batch schema.
2026-03-21 03:14:36.236 INFO  [Test worker] org.springframework.batch.core.launch.support.SimpleJobLauncher - Job: [SimpleJob: [name=pdfImportJob]] launched with the following parameters: [{'taskId':'{value=18e42804-de6d-4698-91ea-69563f2e79d0, type=class java.lang.String, identifying=true}','filePath':'{value=/tmp/import-18e42804-de6d-4698-91ea-69563f2e79d0-496123842787899634.json, type=class java.lang.String, identifying=true}','timestamp':'{value=1774062876219, type=class java.lang.Long, identifying=true}'}]
2026-03-21 03:14:36.253 INFO  [Test worker] org.springframework.batch.core.job.SimpleStepHandler - Executing step: [pdfImportStep]
2026-03-21 03:14:36.395 INFO  [Test worker] org.springframework.batch.core.step.AbstractStep - Step: [pdfImportStep] executed in 140ms
2026-03-21 03:14:36.403 INFO  [Test worker] org.springframework.batch.core.launch.support.SimpleJobLauncher - Job: [SimpleJob: [name=pdfImportJob]] completed with the following parameters: [{'taskId':'{value=18e42804-de6d-4698-91ea-69563f2e79d0, type=class java.lang.String, identifying=true}','filePath':'{value=/tmp/import-18e42804-de6d-4698-91ea-69563f2e79d0-496123842787899634.json, type=class java.lang.String, identifying=true}','timestamp':'{value=1774062876219, type=class java.lang.Long, identifying=true}'}] and the following status: [COMPLETED] in 150ms
2026-03-21 03:14:36.538 INFO  [Test worker] org.springframework.batch.core.launch.support.SimpleJobLauncher - Job: [SimpleJob: [name=pdfImportJob]] launched with the following parameters: [{'taskId':'{value=37031cc3-a464-4d89-9a07-83130a8e2f41, type=class java.lang.String, identifying=true}','filePath':'{value=/tmp/import-37031cc3-a464-4d89-9a07-83130a8e2f41-12414144633695630265.json, type=class java.lang.String, identifying=true}','timestamp':'{value=1774062876535, type=class java.lang.Long, identifying=true}'}]
2026-03-21 03:14:36.546 INFO  [Test worker] org.springframework.batch.core.job.SimpleStepHandler - Executing step: [pdfImportStep]
2026-03-21 03:14:36.557 INFO  [Test worker] org.springframework.batch.core.step.AbstractStep - Step: [pdfImportStep] executed in 11ms
2026-03-21 03:14:36.562 INFO  [Test worker] org.springframework.batch.core.launch.support.SimpleJobLauncher - Job: [SimpleJob: [name=pdfImportJob]] completed with the following parameters: [{'taskId':'{value=37031cc3-a464-4d89-9a07-83130a8e2f41, type=class java.lang.String, identifying=true}','filePath':'{value=/tmp/import-37031cc3-a464-4d89-9a07-83130a8e2f41-12414144633695630265.json, type=class java.lang.String, identifying=true}','timestamp':'{value=1774062876535, type=class java.lang.Long, identifying=true}'}] and the following status: [COMPLETED] in 20ms
]]></system-out>
  <system-err><![CDATA[]]></system-err>
</testsuite>
